Change Component Designator: Old Designator=C1 New Designator=C25
Change Component Designator: Old Designator=C2 New Designator=C26
Change Component Designator: Old Designator=C3 New Designator=C27
Change Component Designator: Old Designator=C4 New Designator=C30
Change Component Designator: Old Designator=C5 New Designator=C28
Change Component Designator: Old Designator=C6 New Designator=C29
Change Component Designator: Old Designator=IC1 New Designator=IC4
Change Component Designator: Old Designator=Q1 New Designator=Q6
Change Component Designator: Old Designator=Q2 New Designator=Q7
Change Component Designator: Old Designator=Q3 New Designator=Q8
Change Component Designator: Old Designator=R1 New Designator=R42
Change Component Designator: Old Designator=R2 New Designator=R43
Change Component Designator: Old Designator=R3 New Designator=R38
Change Component Designator: Old Designator=R4 New Designator=R39
Change Component Designator: Old Designator=R5 New Designator=R40
Change Component Designator: Old Designator=R6 New Designator=R41
Change Component Designator: Old Designator=R7 New Designator=R46
Change Component Designator: Old Designator=R8 New Designator=R47
Change Component Designator: Old Designator=R9 New Designator=R48
Change Component Designator: Old Designator=R10 New Designator=R51
Change Component Designator: Old Designator=R11 New Designator=R49
Change Component Designator: Old Designator=R12 New Designator=R50
Change Component Designator: Old Designator=R25 New Designator=R44
Change Component Designator: Old Designator=R27 New Designator=R45
Change Component Designator: Old Designator=RT2 New Designator=RT1
