Change Component Designator: Old Designator=C22 New Designator=C24
Change Component Designator: Old Designator=C23 New Designator=C22
Change Component Designator: Old Designator=C24 New Designator=C23
Change Component Designator: Old Designator=Digital Pot New Designator=Digital Pot1
Change Component Designator: Old Designator=DPot pins New Designator=DPot pins1
Change Component Designator: Old Designator=Ferrite Bead New Designator=Ferrite Bead1
Change Component Designator: Old Designator=R18 New Designator=R22
Change Component Designator: Old Designator=R19 New Designator=R23
Change Component Designator: Old Designator=R20 New Designator=R24
Change Component Designator: Old Designator=R21 New Designator=R25
Change Component Designator: Old Designator=R22 New Designator=R26
Change Component Designator: Old Designator=R23 New Designator=R27
Change Component Designator: Old Designator=R24 New Designator=R28
Change Component Designator: Old Designator=R25 New Designator=R29
Change Component Designator: Old Designator=R26 New Designator=R30
Change Component Designator: Old Designator=R27 New Designator=R31
Change Component Designator: Old Designator=R28 New Designator=R33
Change Component Designator: Old Designator=R29 New Designator=R34
Change Component Designator: Old Designator=R30 New Designator=R32
Change Component Designator: Old Designator=R31 New Designator=R35
Change Component Designator: Old Designator=R32 New Designator=R18
Change Component Designator: Old Designator=R33 New Designator=R19
Change Component Designator: Old Designator=R34 New Designator=R20
Change Component Designator: Old Designator=R35 New Designator=R21
